06/10/2021 03:13:05 PM: INFO: ***************** Test_001_Login *****************
06/10/2021 03:13:05 PM: INFO: ***************** Verifying Home Page Title *****************
06/10/2021 03:13:13 PM: INFO: ***************** Home page title test is passed *****************
06/10/2021 03:13:15 PM: INFO: ***************** Verifying Login test *****************
06/10/2021 03:13:23 PM: INFO: ***************** Login test is passed *****************
06/10/2021 03:43:30 PM: INFO: ************* Test_003_AddCustomer **********
06/10/2021 03:43:39 PM: INFO: ************* Login succesful **********
06/10/2021 03:43:39 PM: INFO: ******* Starting Add Customer Test **********
06/10/2021 03:43:42 PM: INFO: ************* Providing customer info **********
06/10/2021 03:43:44 PM: INFO: ***************** Verifying Login test *****************
06/10/2021 03:43:51 PM: INFO: ***************** Login test is passed *****************
06/10/2021 03:44:44 PM: INFO: ************* Test_003_AddCustomer **********
06/10/2021 03:44:52 PM: INFO: ************* Login succesful **********
06/10/2021 03:44:52 PM: INFO: ******* Starting Add Customer Test **********
06/10/2021 03:44:54 PM: INFO: ************* Providing customer info **********
06/10/2021 03:44:56 PM: INFO: ***************** Verifying Login test *****************
06/10/2021 03:45:02 PM: INFO: ***************** Login test is passed *****************
06/10/2021 03:46:56 PM: INFO: ************* Test_003_AddCustomer **********
06/10/2021 03:47:04 PM: INFO: ************* Login succesful **********
06/10/2021 03:47:04 PM: INFO: ******* Starting Add Customer Test **********
06/10/2021 03:47:06 PM: INFO: ***************** Verifying Login test *****************
06/10/2021 03:47:37 PM: INFO: ************* Test_003_AddCustomer **********
06/10/2021 03:47:54 PM: INFO: ************* Login succesful **********
06/10/2021 03:47:54 PM: INFO: ******* Starting Add Customer Test **********
06/10/2021 03:47:55 PM: INFO: ***************** Verifying Login test *****************
06/10/2021 03:48:03 PM: INFO: ***************** Login test is passed *****************
06/10/2021 03:49:04 PM: INFO: ************* Test_003_AddCustomer **********
06/10/2021 03:49:08 PM: INFO: ************* Login succesful **********
06/10/2021 03:49:08 PM: INFO: ******* Starting Add Customer Test **********
06/10/2021 03:49:11 PM: INFO: ************* Providing customer info **********
06/10/2021 03:49:23 PM: INFO: ************* Saving customer info **********
06/10/2021 03:49:23 PM: INFO: ********* Add customer validation started *****************
06/10/2021 03:49:23 PM: INFO: ********* Add customer Test Passed *********
06/10/2021 03:49:23 PM: INFO: ******* Ending Add customer test **********
06/10/2021 03:49:24 PM: INFO: ***************** Verifying Login test *****************
06/10/2021 03:49:32 PM: INFO: ***************** Login test is passed *****************
06/10/2021 03:52:08 PM: INFO: ************* Test_003_AddCustomer **********
06/10/2021 03:52:16 PM: INFO: ************* Login succesful **********
06/10/2021 03:52:16 PM: INFO: ******* Starting Add Customer Test **********
06/10/2021 03:52:18 PM: INFO: ************* Providing customer info **********
06/10/2021 03:52:20 PM: INFO: ***************** Test_001_Login *****************
06/10/2021 03:52:20 PM: INFO: ***************** Verifying Home Page Title *****************
06/10/2021 03:52:27 PM: INFO: ***************** Home page title test is passed *****************
06/10/2021 03:52:28 PM: INFO: ***************** Verifying Login test *****************
06/10/2021 03:52:36 PM: INFO: ***************** Login test is passed *****************
06/10/2021 03:52:38 PM: INFO: ******* Starting Test_002_DDT_Login Test **********
06/10/2021 03:52:38 PM: INFO: ******* Starting Login DDT Test **********
06/10/2021 03:52:51 PM: INFO: **** passed ****
06/10/2021 03:52:59 PM: INFO: **** passed ****
06/10/2021 03:53:05 PM: INFO: **** passed ****
06/10/2021 03:53:11 PM: INFO: **** passed ****
06/10/2021 03:53:11 PM: INFO: ******* DDT Login test passed **********
06/10/2021 03:53:11 PM: INFO: ******* End of Login DDT Test **********
06/10/2021 03:53:11 PM: INFO: **************** Completed  TC_LoginDDT_002 ************* 
06/10/2021 03:53:12 PM: INFO: ************* SearchCustomerByEmail_004 **********
06/10/2021 03:53:18 PM: INFO: ************* Login succesful **********
06/10/2021 03:53:18 PM: INFO: ******* Starting Search Customer By Email **********
06/10/2021 03:53:20 PM: INFO: ************* searching customer by emailID **********
06/10/2021 03:53:25 PM: INFO: ***************  TC_SearchCustomerByEmail_004 Finished  *********** 
06/10/2021 03:53:27 PM: INFO: ************* SearchCustomerByName_005 **********
06/10/2021 03:53:34 PM: INFO: ************* Login succesful **********
06/10/2021 03:53:34 PM: INFO: ******* Starting Search Customer By Name **********
06/10/2021 03:53:38 PM: INFO: ************* searching customer by Name **********
06/10/2021 03:53:43 PM: INFO: ***************  TC_SearchCustomerByName_005 Finished  *********** 
06/22/2021 11:19:47 AM: INFO: ************* Test_003_AddCustomer **********
06/22/2021 11:19:54 AM: INFO: ************* Login succesful **********
06/22/2021 11:19:54 AM: INFO: ******* Starting Add Customer Test **********
06/22/2021 11:19:57 AM: INFO: ************* Providing customer info **********
06/22/2021 11:20:08 AM: INFO: ************* Saving customer info **********
06/22/2021 11:20:08 AM: INFO: ********* Add customer validation started *****************
06/22/2021 11:20:08 AM: INFO: ********* Add customer Test Passed *********
06/22/2021 11:20:08 AM: INFO: ******* Ending Add customer test **********
06/22/2021 11:20:10 AM: INFO: ************* Test_004_Addproduct **********
06/22/2021 11:20:17 AM: INFO: ************* Login succesful **********
06/22/2021 11:20:17 AM: INFO: ******* Starting Add Product Test **********
06/22/2021 11:20:20 AM: INFO: ************* Providing product info **********
06/22/2021 11:20:23 AM: INFO: ***************** Test_001_Login *****************
06/22/2021 11:20:23 AM: INFO: ***************** Verifying Home Page Title *****************
06/22/2021 11:20:30 AM: INFO: ***************** Home page title test is passed *****************
06/22/2021 11:20:32 AM: INFO: ***************** Verifying Login test *****************
06/22/2021 11:20:40 AM: INFO: ***************** Login test is passed *****************
06/22/2021 11:20:42 AM: INFO: ******* Starting Test_002_DDT_Login Test **********
06/22/2021 11:20:42 AM: INFO: ******* Starting Login DDT Test **********
06/22/2021 11:20:55 AM: INFO: **** passed ****
06/22/2021 11:21:02 AM: INFO: **** passed ****
06/22/2021 11:21:08 AM: INFO: **** passed ****
06/22/2021 11:21:14 AM: INFO: **** passed ****
06/22/2021 11:21:14 AM: INFO: ******* DDT Login test passed **********
06/22/2021 11:21:14 AM: INFO: ******* End of Login DDT Test **********
06/22/2021 11:21:14 AM: INFO: **************** Completed  TC_LoginDDT_002 ************* 
06/22/2021 11:21:15 AM: INFO: ************* SearchCustomerByEmail_004 **********
06/22/2021 11:21:22 AM: INFO: ************* Login succesful **********
06/22/2021 11:21:22 AM: INFO: ******* Starting Search Customer By Email **********
06/22/2021 11:21:24 AM: INFO: ************* searching customer by emailID **********
06/22/2021 11:21:30 AM: INFO: ***************  TC_SearchCustomerByEmail_004 Finished  *********** 
06/22/2021 11:21:32 AM: INFO: ************* SearchCustomerByName_005 **********
06/22/2021 11:21:39 AM: INFO: ************* Login succesful **********
06/22/2021 11:21:39 AM: INFO: ******* Starting Search Customer By Name **********
06/22/2021 11:21:42 AM: INFO: ************* searching customer by Name **********
06/22/2021 11:21:48 AM: INFO: ***************  TC_SearchCustomerByName_005 Finished  *********** 
06/22/2021 11:45:31 AM: INFO: ************* Test_004_Addproduct **********
06/22/2021 11:45:39 AM: INFO: ************* Login succesful **********
06/22/2021 11:45:39 AM: INFO: ******* Starting Add Product Test **********
06/22/2021 11:45:42 AM: INFO: ************* Providing product info **********
06/22/2021 11:45:44 AM: INFO: ********* Add product Test Passed *********
06/22/2021 11:45:46 AM: INFO: ***************** Verifying Login test *****************
06/22/2021 11:45:54 AM: INFO: ***************** Login test is passed *****************
06/23/2021 09:35:28 AM: INFO: ************* Test_004_Addproduct **********
06/23/2021 09:35:37 AM: INFO: ************* Login succesful **********
06/23/2021 09:35:37 AM: INFO: ******* Starting Add Product Test **********
06/23/2021 09:35:39 AM: INFO: ***************** Verifying Login test *****************
06/23/2021 09:35:45 AM: INFO: ***************** Login test is passed *****************
06/23/2021 09:36:24 AM: INFO: ************* Test_004_Addproduct **********
06/23/2021 09:36:31 AM: INFO: ************* Login succesful **********
06/23/2021 09:36:31 AM: INFO: ******* Starting Add Product Test **********
06/23/2021 09:36:36 AM: INFO: ************* Providing product info **********
06/23/2021 09:36:39 AM: INFO: ********* Add product Test Passed *********
06/23/2021 09:36:41 AM: INFO: ***************** Verifying Login test *****************
06/23/2021 09:36:48 AM: INFO: ***************** Login test is passed *****************
06/23/2021 09:39:23 AM: INFO: ************* Test_004_Addproduct **********
06/23/2021 09:39:31 AM: INFO: ************* Login succesful **********
06/23/2021 09:39:31 AM: INFO: ******* Starting Add Product Test **********
06/23/2021 09:39:34 AM: INFO: ************* Providing product info **********
06/23/2021 09:39:36 AM: INFO: ********* Add product Test Passed *********
06/23/2021 09:39:38 AM: INFO: ***************** Verifying Login test *****************
06/23/2021 09:39:46 AM: INFO: ***************** Login test is passed *****************
06/23/2021 09:40:13 AM: INFO: ************* Test_004_Addproduct **********
06/23/2021 09:40:21 AM: INFO: ************* Login succesful **********
06/23/2021 09:40:21 AM: INFO: ******* Starting Add Product Test **********
06/23/2021 09:40:25 AM: INFO: ************* Providing product info **********
06/23/2021 09:40:28 AM: INFO: ********* Add product Test Passed *********
06/23/2021 09:40:29 AM: INFO: ***************** Verifying Login test *****************
06/23/2021 09:40:34 AM: INFO: ***************** Login test is passed *****************
06/23/2021 09:45:33 AM: INFO: ************* Test_004_Addproduct **********
06/23/2021 09:45:41 AM: INFO: ************* Login succesful **********
06/23/2021 09:45:41 AM: INFO: ******* Starting Add Product Test **********
06/23/2021 09:45:46 AM: INFO: ************* Providing product info **********
06/23/2021 09:45:49 AM: INFO: ********* Add product Test Passed *********
06/23/2021 09:45:51 AM: INFO: ***************** Verifying Login test *****************
06/23/2021 09:45:59 AM: INFO: ***************** Login test is passed *****************
06/23/2021 10:33:52 AM: INFO: ************* Test_004_Addproduct **********
06/23/2021 10:34:01 AM: INFO: ************* Login succesful **********
06/23/2021 10:34:01 AM: INFO: ******* Starting Add Product Test **********
06/23/2021 10:34:03 AM: INFO: ***************** Verifying Login test *****************
06/23/2021 10:34:13 AM: INFO: ***************** Login test is passed *****************
06/23/2021 10:34:37 AM: INFO: ************* Test_004_Addproduct **********
06/23/2021 10:34:45 AM: INFO: ************* Login succesful **********
06/23/2021 10:34:45 AM: INFO: ******* Starting Add Product Test **********
06/23/2021 10:34:50 AM: INFO: ************* Providing product info **********
06/23/2021 10:34:52 AM: INFO: ********* Add product Test Passed *********
06/23/2021 10:34:54 AM: INFO: ***************** Verifying Login test *****************
06/23/2021 10:35:01 AM: INFO: ***************** Login test is passed *****************
06/23/2021 10:38:40 AM: INFO: ************* Test_004_Addproduct **********
06/23/2021 10:38:49 AM: INFO: ************* Login succesful **********
06/23/2021 10:38:49 AM: INFO: ******* Starting Add Product Test **********
06/23/2021 10:38:55 AM: INFO: ************* Providing product info **********
06/23/2021 10:38:57 AM: INFO: ********* Add product Test Passed *********
06/23/2021 10:38:59 AM: INFO: ***************** Verifying Login test *****************
06/23/2021 10:39:07 AM: INFO: ***************** Login test is passed *****************
06/23/2021 10:49:28 AM: INFO: ************* Test_004_Addproduct **********
06/23/2021 10:49:35 AM: INFO: ************* Login succesful **********
06/23/2021 10:49:35 AM: INFO: ******* Starting Add Product Test **********
06/23/2021 10:49:52 AM: INFO: ************* Providing product info **********
06/23/2021 10:49:56 AM: INFO: ********* Add product Test Passed *********
06/23/2021 10:49:58 AM: INFO: ***************** Verifying Login test *****************
06/23/2021 10:50:05 AM: INFO: ***************** Login test is passed *****************
06/23/2021 10:55:43 AM: INFO: ************* Test_004_Addproduct **********
06/23/2021 10:55:52 AM: INFO: ************* Login succesful **********
06/23/2021 10:55:52 AM: INFO: ******* Starting Add Product Test **********
06/23/2021 10:55:56 AM: INFO: ************* Providing product info **********
06/23/2021 10:55:59 AM: INFO: ********* Add product Test Passed *********
06/23/2021 10:55:59 AM: INFO: ******* Ending Add product test **********
06/23/2021 10:56:01 AM: INFO: ***************** Verifying Login test *****************
06/23/2021 10:56:08 AM: INFO: ***************** Login test is passed *****************
06/23/2021 10:56:54 AM: INFO: ************* Test_004_Addproduct **********
06/23/2021 10:57:01 AM: INFO: ************* Login succesful **********
06/23/2021 10:57:01 AM: INFO: ******* Starting Add Product Test **********
06/23/2021 10:57:07 AM: INFO: ************* Providing product info **********
06/23/2021 10:57:11 AM: INFO: ********* Add product Test Passed *********
06/23/2021 10:57:15 AM: INFO: ******* Ending Add product test **********
06/23/2021 10:57:17 AM: INFO: ***************** Verifying Login test *****************
06/23/2021 10:57:25 AM: INFO: ***************** Login test is passed *****************
06/23/2021 10:58:38 AM: INFO: ************* Test_004_Addproduct **********
06/23/2021 10:58:46 AM: INFO: ************* Login succesful **********
06/23/2021 10:58:46 AM: INFO: ******* Starting Add Product Test **********
06/23/2021 10:58:51 AM: INFO: ************* Providing product info **********
06/23/2021 10:58:54 AM: INFO: ********* Add product Test Passed *********
06/23/2021 10:58:54 AM: INFO: ******* Ending Add product test **********
06/23/2021 10:58:56 AM: INFO: ***************** Verifying Login test *****************
06/23/2021 10:59:03 AM: INFO: ***************** Login test is passed *****************
06/23/2021 02:58:18 PM: INFO: ************* Test_006_Addproduct **********
06/23/2021 02:58:27 PM: INFO: ************* Login succesful **********
06/23/2021 02:58:27 PM: INFO: ******* Starting Add Product Test **********
06/23/2021 02:58:29 PM: INFO: ***************** Verifying Login test *****************
06/23/2021 02:58:38 PM: INFO: ************* Test_SearchProductByProductName_007 **********
06/23/2021 02:58:43 PM: INFO: ************* Login succesful **********
06/23/2021 02:58:43 PM: INFO: ******* Starting Search Product By Product Name **********
06/23/2021 02:59:02 PM: INFO: ************* Test_006_Addproduct **********
06/23/2021 02:59:12 PM: INFO: ************* Login succesful **********
06/23/2021 02:59:12 PM: INFO: ******* Starting Add Product Test **********
06/23/2021 02:59:15 PM: INFO: ************* Providing product info **********
06/23/2021 02:59:18 PM: INFO: ********* Add product Test Passed *********
06/23/2021 02:59:18 PM: INFO: ******* Ending Add product test **********
06/23/2021 02:59:20 PM: INFO: ***************** Verifying Login test *****************
06/23/2021 02:59:27 PM: INFO: ***************** Login test is passed *****************
06/23/2021 02:59:29 PM: INFO: ************* Test_SearchProductByProductName_007 **********
06/23/2021 02:59:36 PM: INFO: ************* Login succesful **********
06/23/2021 02:59:36 PM: INFO: ******* Starting Search Product By Product Name **********
06/23/2021 02:59:43 PM: INFO: ******* Starting Product By Product Name **********
06/23/2021 03:07:07 PM: INFO: ************* Test_006_Addproduct **********
06/23/2021 03:07:12 PM: INFO: ************* Login succesful **********
06/23/2021 03:07:12 PM: INFO: ******* Starting Add Product Test **********
06/23/2021 03:07:16 PM: INFO: ************* Providing product info **********
06/23/2021 03:07:19 PM: INFO: ********* Add product Test Passed *********
06/23/2021 03:07:19 PM: INFO: ******* Ending Add product test **********
06/23/2021 03:07:21 PM: INFO: ***************** Verifying Login test *****************
06/23/2021 03:07:29 PM: INFO: ***************** Login test is passed *****************
06/23/2021 03:07:31 PM: INFO: ************* Test_SearchProductByProductName_007 **********
06/23/2021 03:07:39 PM: INFO: ************* Login succesful **********
06/23/2021 03:07:39 PM: INFO: ******* Starting Search Product By Product Name **********
06/23/2021 03:07:40 PM: INFO: ******* Starting Product By Product Name **********
06/23/2021 03:15:45 PM: INFO: ************* Test_006_Addproduct **********
06/23/2021 03:15:54 PM: INFO: ************* Login succesful **********
06/23/2021 03:15:54 PM: INFO: ******* Starting Add Product Test **********
06/23/2021 03:15:58 PM: INFO: ************* Providing product info **********
06/23/2021 03:16:01 PM: INFO: ********* Add product Test Passed *********
06/23/2021 03:16:01 PM: INFO: ******* Ending Add product test **********
06/23/2021 03:16:03 PM: INFO: ***************** Verifying Login test *****************
06/23/2021 03:16:12 PM: INFO: ***************** Login test is passed *****************
06/23/2021 03:16:13 PM: INFO: ************* Test_SearchProductByProductName_007 **********
06/23/2021 03:16:20 PM: INFO: ************* Login succesful **********
06/23/2021 03:16:20 PM: INFO: ******* Starting Search Product By Product Name **********
06/23/2021 03:16:22 PM: INFO: ******* Starting Product By Product Name **********
06/23/2021 03:18:28 PM: INFO: ************* Test_006_Addproduct **********
06/23/2021 03:18:37 PM: INFO: ************* Login succesful **********
06/23/2021 03:18:37 PM: INFO: ******* Starting Add Product Test **********
06/23/2021 03:18:41 PM: INFO: ************* Providing product info **********
06/23/2021 03:18:42 PM: INFO: ********* Add product Test Passed *********
06/23/2021 03:18:47 PM: INFO: ******* Ending Add product test **********
06/23/2021 03:18:49 PM: INFO: ***************** Verifying Login test *****************
06/23/2021 03:18:57 PM: INFO: ***************** Login test is passed *****************
06/23/2021 03:18:58 PM: INFO: ************* Test_SearchProductByProductName_007 **********
06/23/2021 03:19:06 PM: INFO: ************* Login succesful **********
06/23/2021 03:19:06 PM: INFO: ******* Starting Search Product By Product Name **********
06/23/2021 03:20:14 PM: INFO: ************* Test_006_Addproduct **********
06/23/2021 03:20:21 PM: INFO: ************* Login succesful **********
06/23/2021 03:20:21 PM: INFO: ******* Starting Add Product Test **********
06/23/2021 03:20:27 PM: INFO: ************* Providing product info **********
06/23/2021 03:20:30 PM: INFO: ********* Add product Test Passed *********
06/23/2021 03:20:30 PM: INFO: ******* Ending Add product test **********
06/23/2021 03:20:32 PM: INFO: ***************** Verifying Login test *****************
06/23/2021 03:20:41 PM: INFO: ***************** Login test is passed *****************
06/23/2021 03:20:42 PM: INFO: ************* Test_SearchProductByProductName_007 **********
06/23/2021 03:20:50 PM: INFO: ************* Login succesful **********
06/23/2021 03:20:50 PM: INFO: ******* Starting Search Product By Product Name **********
06/23/2021 03:24:46 PM: INFO: ************* Test_006_Addproduct **********
06/23/2021 03:24:58 PM: INFO: ************* Login succesful **********
06/23/2021 03:24:58 PM: INFO: ******* Starting Add Product Test **********
06/23/2021 03:25:03 PM: INFO: ************* Providing product info **********
06/23/2021 03:25:06 PM: INFO: ********* Add product Test Passed *********
06/23/2021 03:25:07 PM: INFO: ******* Ending Add product test **********
06/23/2021 03:25:08 PM: INFO: ***************** Verifying Login test *****************
06/23/2021 03:25:16 PM: INFO: ***************** Login test is passed *****************
06/23/2021 03:25:18 PM: INFO: ************* Test_SearchProductByProductName_007 **********
06/23/2021 03:25:26 PM: INFO: ************* Login successful **********
06/23/2021 03:25:26 PM: INFO: ******* Starting Search Product By Product Name **********
06/24/2021 01:35:59 PM: INFO: ************* Test_006_Addproduct **********
06/24/2021 01:36:08 PM: INFO: ************* Login succesful **********
06/24/2021 01:36:08 PM: INFO: ******* Starting Add Product Test **********
06/24/2021 01:36:10 PM: INFO: ***************** Verifying Login test *****************
06/24/2021 01:36:15 PM: INFO: ***************** Login test is passed *****************
06/24/2021 01:36:17 PM: INFO: ************* Test_SearchProductByProductName_007 **********
06/24/2021 01:36:26 PM: INFO: ************* Login successful **********
06/24/2021 01:36:26 PM: INFO: ******* Starting Search Product By Product Name **********
06/24/2021 01:36:30 PM: INFO: ******* Starting Product By Product Name **********
06/24/2021 01:39:41 PM: INFO: ************* Test_006_Addproduct **********
06/24/2021 01:39:53 PM: INFO: ************* Login succesful **********
06/24/2021 01:39:53 PM: INFO: ******* Starting Add Product Test **********
06/24/2021 01:39:56 PM: INFO: ************* Providing product info **********
06/24/2021 01:40:00 PM: INFO: ********* Add product Test Passed *********
06/24/2021 01:40:00 PM: INFO: ******* Ending Add product test **********
06/24/2021 01:40:02 PM: INFO: ***************** Verifying Login test *****************
06/24/2021 01:40:16 PM: INFO: ***************** Login test is passed *****************
06/24/2021 01:40:18 PM: INFO: ************* Test_SearchProductByProductName_007 **********
06/24/2021 01:40:27 PM: INFO: ************* Login successful **********
06/24/2021 01:40:27 PM: INFO: ******* Starting Search Product By Product Name **********
06/24/2021 01:40:31 PM: INFO: ******* Starting Product By Product Name **********
06/24/2021 01:54:10 PM: INFO: ************* Test_006_Addproduct **********
06/24/2021 01:54:20 PM: INFO: ************* Login succesful **********
06/24/2021 01:54:20 PM: INFO: ******* Starting Add Product Test **********
06/24/2021 01:54:26 PM: INFO: ************* Providing product info **********
06/24/2021 01:54:29 PM: INFO: ********* Add product Test Passed *********
06/24/2021 01:54:30 PM: INFO: ******* Ending Add product test **********
06/24/2021 01:54:31 PM: INFO: ***************** Verifying Login test *****************
06/24/2021 01:54:36 PM: INFO: ***************** Login test is passed *****************
06/24/2021 01:54:38 PM: INFO: ************* Test_SearchProductByProductName_007 **********
06/24/2021 01:54:47 PM: INFO: ************* Login successful **********
06/24/2021 01:54:47 PM: INFO: ******* Open the Products screen **********
06/24/2021 01:54:49 PM: INFO: ******* Starting Search Product By Product Name **********
06/24/2021 01:59:43 PM: INFO: ************* Test_006_Addproduct **********
06/24/2021 01:59:52 PM: INFO: ************* Login succesful **********
06/24/2021 01:59:52 PM: INFO: ******* Starting Add Product Test **********
06/24/2021 01:59:55 PM: INFO: ************* Providing product info **********
06/24/2021 01:59:59 PM: INFO: ********* Add product Test Passed *********
06/24/2021 02:00:00 PM: INFO: ******* Ending Add product test **********
06/24/2021 02:00:01 PM: INFO: ***************** Verifying Login test *****************
06/24/2021 02:00:08 PM: INFO: ***************** Login test is passed *****************
06/24/2021 02:00:10 PM: INFO: ************* Test_SearchProductByProductName_007 **********
06/24/2021 02:00:16 PM: INFO: ************* Login successful **********
06/24/2021 02:00:16 PM: INFO: ******* Open the Products screen **********
06/24/2021 02:00:18 PM: INFO: ******* Starting Search Product By Product Name **********
06/24/2021 02:00:23 PM: INFO: ***************  TC_SearchProductByProductName_007 Finished  *********** 
06/24/2021 02:05:35 PM: INFO: ************* Test_006_Addproduct **********
06/24/2021 02:05:43 PM: INFO: ************* Login succesful **********
06/24/2021 02:05:43 PM: INFO: ******* Starting Add Product Test **********
06/24/2021 02:05:45 PM: INFO: ************* Providing product info **********
06/24/2021 02:05:51 PM: INFO: ********* Add product Test Passed *********
06/24/2021 02:05:51 PM: INFO: ******* Ending Add product test **********
06/24/2021 02:05:53 PM: INFO: ***************** Verifying Login test *****************
06/24/2021 02:06:01 PM: INFO: ***************** Login test is passed *****************
06/24/2021 02:06:03 PM: INFO: ************* Test_SearchProductByProductName_007 **********
06/24/2021 02:06:11 PM: INFO: ************* Login successful **********
06/24/2021 02:06:11 PM: INFO: ******* Open the Products screen **********
06/24/2021 02:06:13 PM: INFO: ******* Starting Search Product By Product Name **********
06/24/2021 02:06:18 PM: INFO: ***************  TC_SearchProductByProductName_007 Finished  *********** 
06/27/2021 11:03:03 AM: INFO: ************* Test_006_Addproduct **********
06/27/2021 11:03:11 AM: INFO: ************* Login succesful **********
06/27/2021 11:03:11 AM: INFO: ******* Starting Add Product Test **********
06/27/2021 11:03:24 AM: INFO: ************* Providing product info **********
06/27/2021 11:03:26 AM: INFO: ********* Add product Test Passed *********
06/27/2021 11:03:26 AM: INFO: ******* Ending Add product test **********
06/27/2021 11:03:28 AM: INFO: ***************** Verifying Login test *****************
06/27/2021 11:03:35 AM: INFO: ***************** Login test is passed *****************
06/27/2021 11:03:37 AM: INFO: ************* Test_SearchProductByProductName_007 **********
06/27/2021 11:03:44 AM: INFO: ************* Login successful **********
06/27/2021 11:03:44 AM: INFO: ******* Open the Products screen **********
06/27/2021 11:03:45 AM: INFO: ******* Starting Search Product By Product Name **********
06/27/2021 11:07:30 AM: INFO: ************* Test_006_Addproduct **********
06/27/2021 11:07:37 AM: INFO: ************* Login succesful **********
06/27/2021 11:07:37 AM: INFO: ******* Starting Add Product Test **********
06/27/2021 11:07:40 AM: INFO: ************* Providing product info **********
06/27/2021 11:07:42 AM: INFO: ********* Add product Test Passed *********
06/27/2021 11:07:43 AM: INFO: ******* Ending Add product test **********
06/27/2021 11:07:44 AM: INFO: ***************** Verifying Login test *****************
06/27/2021 11:07:52 AM: INFO: ***************** Login test is passed *****************
06/27/2021 11:07:53 AM: INFO: ************* Test_SearchProductByProductName_007 **********
06/27/2021 11:08:01 AM: INFO: ************* Login successful **********
06/27/2021 11:08:01 AM: INFO: ******* Open the Products screen **********
06/27/2021 11:08:03 AM: INFO: ******* Starting Search Product By Product Name **********
06/27/2021 11:08:08 AM: INFO: ******* Starting Edit Product **********
06/27/2021 11:11:53 AM: INFO: ************* Test_006_Addproduct **********
06/27/2021 11:12:00 AM: INFO: ************* Login succesful **********
06/27/2021 11:12:00 AM: INFO: ******* Starting Add Product Test **********
06/27/2021 11:12:03 AM: INFO: ************* Providing product info **********
06/27/2021 11:12:05 AM: INFO: ********* Add product Test Passed *********
06/27/2021 11:12:05 AM: INFO: ******* Ending Add product test **********
06/27/2021 11:12:07 AM: INFO: ***************** Verifying Login test *****************
06/27/2021 11:12:11 AM: INFO: ***************** Login test is passed *****************
06/27/2021 11:12:17 AM: INFO: ************* Test_SearchProductByProductName_007 **********
06/27/2021 11:12:21 AM: INFO: ************* Login successful **********
06/27/2021 11:12:21 AM: INFO: ******* Open the Products screen **********
06/27/2021 11:12:22 AM: INFO: ******* Starting Search Product By Product Name **********
06/27/2021 11:12:28 AM: INFO: ******* Starting Edit Product **********
06/27/2021 11:19:43 AM: INFO: ************* Test_006_Addproduct **********
06/27/2021 11:19:50 AM: INFO: ************* Login succesful **********
06/27/2021 11:19:50 AM: INFO: ******* Starting Add Product Test **********
06/27/2021 11:19:54 AM: INFO: ************* Providing product info **********
06/27/2021 11:19:57 AM: INFO: ********* Add product Test Passed *********
06/27/2021 11:19:57 AM: INFO: ******* Ending Add product test **********
06/27/2021 11:19:59 AM: INFO: ***************** Verifying Login test *****************
06/27/2021 11:20:04 AM: INFO: ***************** Login test is passed *****************
06/27/2021 11:20:10 AM: INFO: ************* Test_SearchProductByProductName_007 **********
06/27/2021 11:20:17 AM: INFO: ************* Login successful **********
06/27/2021 11:20:17 AM: INFO: ******* Open the Products screen **********
06/27/2021 11:20:19 AM: INFO: ******* Starting Search Product By Product Name **********
06/27/2021 11:20:24 AM: INFO: ******* Starting Edit Product **********
06/27/2021 11:21:15 AM: INFO: ************* Test_006_Addproduct **********
06/27/2021 11:21:20 AM: INFO: ************* Login succesful **********
06/27/2021 11:21:20 AM: INFO: ******* Starting Add Product Test **********
06/27/2021 11:21:23 AM: INFO: ************* Providing product info **********
06/27/2021 11:21:25 AM: INFO: ***************** Verifying Login test *****************
06/27/2021 11:21:30 AM: INFO: ***************** Login test is passed *****************
06/27/2021 11:21:35 AM: INFO: ************* Test_SearchProductByProductName_007 **********
06/27/2021 11:21:42 AM: INFO: ************* Login successful **********
06/27/2021 11:21:42 AM: INFO: ******* Open the Products screen **********
06/27/2021 11:21:43 AM: INFO: ******* Starting Search Product By Product Name **********
06/27/2021 11:21:48 AM: INFO: ******* Starting Edit Product **********
06/27/2021 11:22:05 AM: INFO: ***************  TC_SearchProductByProductName_007 Finished  *********** 
06/27/2021 11:24:43 AM: INFO: ************* Test_006_Addproduct **********
06/27/2021 11:24:50 AM: INFO: ************* Login succesful **********
06/27/2021 11:24:50 AM: INFO: ******* Starting Add Product Test **********
06/27/2021 11:24:54 AM: INFO: ************* Providing product info **********
06/27/2021 11:24:56 AM: INFO: ********* Add product Test Passed *********
06/27/2021 11:24:56 AM: INFO: ******* Ending Add product test **********
06/27/2021 11:24:58 AM: INFO: ***************** Verifying Login test *****************
06/27/2021 11:25:04 AM: INFO: ***************** Login test is passed *****************
06/27/2021 11:25:06 AM: INFO: ************* Test_SearchProductByProductName_007 **********
06/27/2021 11:25:12 AM: INFO: ************* Login successful **********
06/27/2021 11:25:12 AM: INFO: ******* Open the Products screen **********
06/27/2021 11:25:14 AM: INFO: ******* Starting Search Product By Product Name **********
06/27/2021 11:25:19 AM: INFO: ******* Starting Edit Product **********
06/27/2021 11:27:32 AM: INFO: ************* Test_006_Addproduct **********
06/27/2021 11:27:40 AM: INFO: ************* Login succesful **********
06/27/2021 11:27:40 AM: INFO: ******* Starting Add Product Test **********
06/27/2021 11:27:42 AM: INFO: ***************** Verifying Login test *****************
06/27/2021 11:27:49 AM: INFO: ***************** Login test is passed *****************
06/27/2021 11:27:51 AM: INFO: ************* Test_SearchProductByProductName_007 **********
06/27/2021 11:27:58 AM: INFO: ************* Login successful **********
06/27/2021 11:27:58 AM: INFO: ******* Open the Products screen **********
06/27/2021 11:27:59 AM: INFO: ******* Starting Search Product By Product Name **********
06/27/2021 11:28:05 AM: INFO: ******* Starting Edit Product **********
06/27/2021 11:29:07 AM: INFO: ************* Test_006_Addproduct **********
06/27/2021 11:29:14 AM: INFO: ************* Login succesful **********
06/27/2021 11:29:14 AM: INFO: ******* Starting Add Product Test **********
06/27/2021 11:29:18 AM: INFO: ************* Providing product info **********
06/27/2021 11:29:20 AM: INFO: ***************** Verifying Login test *****************
06/27/2021 11:29:27 AM: INFO: ***************** Login test is passed *****************
06/27/2021 11:29:29 AM: INFO: ************* Test_SearchProductByProductName_007 **********
06/27/2021 11:29:36 AM: INFO: ************* Login successful **********
06/27/2021 11:29:36 AM: INFO: ******* Open the Products screen **********
06/27/2021 11:30:09 AM: INFO: ************* Test_006_Addproduct **********
06/27/2021 11:30:14 AM: INFO: ***************** Verifying Login test *****************
06/27/2021 11:30:21 AM: INFO: ***************** Login test is passed *****************
06/27/2021 11:30:23 AM: INFO: ************* Test_SearchProductByProductName_007 **********
06/27/2021 11:30:31 AM: INFO: ************* Login successful **********
06/27/2021 11:30:31 AM: INFO: ******* Open the Products screen **********
06/27/2021 11:31:40 AM: INFO: ************* Test_006_Addproduct **********
06/27/2021 11:31:47 AM: INFO: ************* Login succesful **********
06/27/2021 11:31:47 AM: INFO: ******* Starting Add Product Test **********
06/27/2021 11:31:50 AM: INFO: ************* Providing product info **********
06/27/2021 11:31:52 AM: INFO: ***************** Verifying Login test *****************
06/27/2021 11:31:58 AM: INFO: ***************** Login test is passed *****************
06/27/2021 11:32:00 AM: INFO: ************* Test_SearchProductByProductName_007 **********
06/27/2021 11:32:05 AM: INFO: ************* Login successful **********
06/27/2021 11:32:05 AM: INFO: ******* Open the Products screen **********
06/27/2021 11:32:07 AM: INFO: ******* Starting Search Product By Product Name **********
06/27/2021 11:32:12 AM: INFO: ******* Starting Edit Product **********
06/27/2021 11:34:13 AM: INFO: ************* Test_006_Addproduct **********
06/27/2021 11:34:20 AM: INFO: ************* Login succesful **********
06/27/2021 11:34:20 AM: INFO: ******* Starting Add Product Test **********
06/27/2021 11:34:23 AM: INFO: ************* Providing product info **********
06/27/2021 11:34:25 AM: INFO: ***************** Verifying Login test *****************
06/27/2021 11:34:32 AM: INFO: ***************** Login test is passed *****************
06/27/2021 11:34:34 AM: INFO: ************* Test_SearchProductByProductName_007 **********
06/27/2021 11:34:41 AM: INFO: ************* Login successful **********
06/27/2021 11:34:41 AM: INFO: ******* Open the Products screen **********
06/27/2021 11:39:50 AM: INFO: ************* Test_006_Addproduct **********
06/27/2021 11:39:57 AM: INFO: ************* Login succesful **********
06/27/2021 11:39:57 AM: INFO: ******* Starting Add Product Test **********
06/27/2021 11:40:01 AM: INFO: ************* Providing product info **********
06/27/2021 11:40:03 AM: INFO: ***************** Verifying Login test *****************
06/27/2021 11:40:10 AM: INFO: ***************** Login test is passed *****************
06/27/2021 11:40:12 AM: INFO: ************* Test_SearchProductByProductName_007 **********
06/27/2021 11:40:19 AM: INFO: ************* Login successful **********
06/27/2021 11:40:19 AM: INFO: ******* Open the Products screen **********
06/27/2021 11:40:20 AM: INFO: ******* Starting Search Product By Product Name **********
06/27/2021 11:59:56 AM: INFO: ************* Test_006_Addproduct **********
06/27/2021 12:00:04 PM: INFO: ************* Login succesful **********
06/27/2021 12:00:04 PM: INFO: ******* Starting Add Product Test **********
06/27/2021 12:00:08 PM: INFO: ************* Providing product info **********
06/27/2021 12:00:11 PM: INFO: ********* Add product Test Passed *********
06/27/2021 12:00:11 PM: INFO: ******* Ending Add product test **********
06/27/2021 12:00:13 PM: INFO: ***************** Verifying Login test *****************
06/27/2021 12:00:20 PM: INFO: ***************** Login test is passed *****************
06/27/2021 12:00:21 PM: INFO: ************* Test_SearchProductByProductName_007 **********
06/27/2021 12:00:29 PM: INFO: ************* Login successful **********
06/27/2021 12:00:29 PM: INFO: ******* Open the Products screen **********
06/27/2021 12:00:30 PM: INFO: ******* Starting Search Product By Product Name **********
06/27/2021 12:00:35 PM: INFO: ******* Starting Edit Product **********
06/27/2021 12:06:04 PM: INFO: ************* Test_006_Addproduct **********
06/27/2021 12:06:12 PM: INFO: ************* Login succesful **********
06/27/2021 12:06:12 PM: INFO: ******* Starting Add Product Test **********
06/27/2021 12:06:15 PM: INFO: ************* Providing product info **********
06/27/2021 12:06:17 PM: INFO: ********* Add product Test Passed *********
06/27/2021 12:06:17 PM: INFO: ******* Ending Add product test **********
06/27/2021 12:06:19 PM: INFO: ***************** Verifying Login test *****************
06/27/2021 12:06:27 PM: INFO: ***************** Login test is passed *****************
06/27/2021 12:06:28 PM: INFO: ************* Test_SearchProductByProductName_007 **********
06/27/2021 12:06:38 PM: INFO: ************* Login successful **********
06/27/2021 12:06:38 PM: INFO: ******* Open the Products screen **********
06/27/2021 12:06:40 PM: INFO: ******* Starting Search Product By Product Name **********
06/27/2021 12:06:45 PM: INFO: ******* Starting Edit Product **********
06/27/2021 12:12:34 PM: INFO: ************* Test_006_Addproduct **********
06/27/2021 12:12:40 PM: INFO: ************* Login succesful **********
06/27/2021 12:12:40 PM: INFO: ******* Starting Add Product Test **********
06/27/2021 12:12:44 PM: INFO: ************* Providing product info **********
06/27/2021 12:12:46 PM: INFO: ***************** Verifying Login test *****************
06/27/2021 12:12:54 PM: INFO: ***************** Login test is passed *****************
06/27/2021 12:12:55 PM: INFO: ************* Test_SearchProductByProductName_007 **********
06/27/2021 12:13:00 PM: INFO: ************* Login successful **********
06/27/2021 12:13:00 PM: INFO: ******* Open the Products screen **********
06/27/2021 12:13:08 PM: INFO: ************* Test_006_Addproduct **********
06/27/2021 12:13:15 PM: INFO: ************* Login succesful **********
06/27/2021 12:13:15 PM: INFO: ******* Starting Add Product Test **********
06/27/2021 12:13:18 PM: INFO: ************* Providing product info **********
06/27/2021 12:13:21 PM: INFO: ********* Add product Test Passed *********
06/27/2021 12:13:21 PM: INFO: ******* Ending Add product test **********
06/27/2021 12:13:23 PM: INFO: ***************** Verifying Login test *****************
06/27/2021 12:13:30 PM: INFO: ***************** Login test is passed *****************
06/27/2021 12:13:36 PM: INFO: ************* Test_SearchProductByProductName_007 **********
06/27/2021 12:13:43 PM: INFO: ************* Login successful **********
06/27/2021 12:13:43 PM: INFO: ******* Open the Products screen **********
06/27/2021 12:15:41 PM: INFO: ************* Test_006_Addproduct **********
06/27/2021 12:15:48 PM: INFO: ************* Login succesful **********
06/27/2021 12:15:48 PM: INFO: ******* Starting Add Product Test **********
06/27/2021 12:15:52 PM: INFO: ************* Providing product info **********
06/27/2021 12:15:54 PM: INFO: ********* Add product Test Passed *********
06/27/2021 12:15:54 PM: INFO: ******* Ending Add product test **********
06/27/2021 12:15:56 PM: INFO: ***************** Verifying Login test *****************
06/27/2021 12:16:00 PM: INFO: ***************** Login test is passed *****************
06/27/2021 12:16:02 PM: INFO: ************* Test_SearchProductByProductName_007 **********
06/27/2021 12:16:09 PM: INFO: ************* Login successful **********
06/27/2021 12:16:09 PM: INFO: ******* Open the Products screen **********
06/27/2021 12:16:10 PM: INFO: ******* Starting Search Product By Product Name **********
06/27/2021 12:16:16 PM: INFO: ******* Starting Edit Product **********
06/27/2021 12:17:42 PM: INFO: ************* Test_006_Addproduct **********
06/27/2021 12:17:46 PM: INFO: ************* Login succesful **********
06/27/2021 12:17:46 PM: INFO: ******* Starting Add Product Test **********
06/27/2021 12:17:49 PM: INFO: ************* Providing product info **********
06/27/2021 12:17:51 PM: INFO: ***************** Verifying Login test *****************
06/27/2021 12:17:57 PM: INFO: ***************** Login test is passed *****************
06/27/2021 12:17:59 PM: INFO: ************* Test_SearchProductByProductName_007 **********
06/27/2021 12:18:11 PM: INFO: ************* Test_006_Addproduct **********
06/27/2021 12:18:19 PM: INFO: ************* Login succesful **********
06/27/2021 12:18:19 PM: INFO: ******* Starting Add Product Test **********
06/27/2021 12:18:21 PM: INFO: ************* Providing product info **********
06/27/2021 12:18:23 PM: INFO: ***************** Verifying Login test *****************
06/27/2021 12:18:29 PM: INFO: ***************** Login test is passed *****************
06/27/2021 12:18:31 PM: INFO: ************* Test_SearchProductByProductName_007 **********
06/27/2021 12:18:36 PM: INFO: ************* Login successful **********
06/27/2021 12:18:36 PM: INFO: ******* Open the Products screen **********
06/27/2021 12:18:38 PM: INFO: ******* Starting Search Product By Product Name **********
06/27/2021 12:18:43 PM: INFO: ******* Starting Edit Product **********
06/27/2021 12:19:31 PM: INFO: ************* Test_006_Addproduct **********
06/27/2021 12:19:39 PM: INFO: ************* Login succesful **********
06/27/2021 12:19:39 PM: INFO: ******* Starting Add Product Test **********
06/27/2021 12:19:43 PM: INFO: ************* Providing product info **********
06/27/2021 12:19:45 PM: INFO: ***************** Verifying Login test *****************
06/27/2021 12:19:49 PM: INFO: ***************** Login test is passed *****************
06/27/2021 12:19:51 PM: INFO: ************* Test_SearchProductByProductName_007 **********
06/27/2021 12:19:55 PM: INFO: ************* Login successful **********
06/27/2021 12:19:55 PM: INFO: ******* Open the Products screen **********
06/27/2021 12:19:56 PM: INFO: ******* Starting Search Product By Product Name **********
06/27/2021 12:20:01 PM: INFO: ******* Starting Edit Product **********
06/27/2021 12:28:01 PM: INFO: ************* Test_006_Addproduct **********
06/27/2021 12:28:08 PM: INFO: ************* Login succesful **********
06/27/2021 12:28:08 PM: INFO: ******* Starting Add Product Test **********
06/27/2021 12:28:11 PM: INFO: ************* Providing product info **********
06/27/2021 12:28:13 PM: INFO: ***************** Verifying Login test *****************
06/27/2021 12:28:19 PM: INFO: ***************** Login test is passed *****************
06/27/2021 12:28:23 PM: INFO: ************* Test_SearchProductByProductName_007 **********
06/27/2021 12:28:28 PM: INFO: ************* Login successful **********
06/27/2021 12:28:28 PM: INFO: ******* Open the Products screen **********
06/27/2021 12:28:29 PM: INFO: ******* Starting Search Product By Product Name **********
06/27/2021 12:29:22 PM: INFO: ************* Test_006_Addproduct **********
06/27/2021 12:29:29 PM: INFO: ************* Login succesful **********
06/27/2021 12:29:29 PM: INFO: ******* Starting Add Product Test **********
06/27/2021 12:29:33 PM: INFO: ************* Providing product info **********
06/27/2021 12:29:34 PM: INFO: ********* Add product Test Passed *********
06/27/2021 12:29:35 PM: INFO: ******* Ending Add product test **********
06/27/2021 12:29:36 PM: INFO: ***************** Verifying Login test *****************
06/27/2021 12:29:41 PM: INFO: ***************** Login test is passed *****************
06/27/2021 12:29:43 PM: INFO: ************* Test_SearchProductByProductName_007 **********
06/27/2021 12:29:50 PM: INFO: ************* Login successful **********
06/27/2021 12:29:50 PM: INFO: ******* Open the Products screen **********
06/27/2021 12:29:52 PM: INFO: ******* Starting Search Product By Product Name **********
06/27/2021 12:29:57 PM: INFO: ******* Starting Edit Product **********
06/27/2021 12:52:19 PM: INFO: ************* Test_006_Addproduct **********
06/27/2021 12:52:31 PM: INFO: ************* Login succesful **********
06/27/2021 12:52:31 PM: INFO: ******* Starting Add Product Test **********
06/27/2021 12:52:35 PM: INFO: ************* Providing product info **********
06/27/2021 12:52:37 PM: INFO: ********* Add product Test Passed *********
06/27/2021 12:52:38 PM: INFO: ******* Ending Add product test **********
06/27/2021 12:52:39 PM: INFO: ***************** Verifying Login test *****************
06/27/2021 12:52:47 PM: INFO: ***************** Login test is passed *****************
06/27/2021 12:52:52 PM: INFO: ************* Test_SearchProductByProductName_007 **********
06/27/2021 12:53:00 PM: INFO: ************* Login successful **********
06/27/2021 12:53:00 PM: INFO: ******* Open the Products screen **********
06/27/2021 12:53:01 PM: INFO: ******* Starting Search Product By Product Name **********
06/27/2021 12:53:06 PM: INFO: ******* Starting Edit Product **********
06/27/2021 12:56:19 PM: INFO: ************* Test_006_Addproduct **********
06/27/2021 12:56:25 PM: INFO: ************* Login succesful **********
06/27/2021 12:56:25 PM: INFO: ******* Starting Add Product Test **********
06/27/2021 12:56:29 PM: INFO: ************* Providing product info **********
06/27/2021 12:56:30 PM: INFO: ***************** Verifying Login test *****************
06/27/2021 12:56:34 PM: INFO: ***************** Login test is passed *****************
06/27/2021 12:56:36 PM: INFO: ************* Test_SearchProductByProductName_007 **********
06/27/2021 12:56:41 PM: INFO: ************* Login successful **********
06/27/2021 12:56:41 PM: INFO: ******* Open the Products screen **********
06/27/2021 12:57:43 PM: INFO: ************* Test_006_Addproduct **********
06/27/2021 12:57:50 PM: INFO: ************* Login succesful **********
06/27/2021 12:57:50 PM: INFO: ******* Starting Add Product Test **********
06/27/2021 12:57:54 PM: INFO: ************* Providing product info **********
06/27/2021 12:57:56 PM: INFO: ********* Add product Test Passed *********
06/27/2021 12:57:56 PM: INFO: ******* Ending Add product test **********
06/27/2021 12:57:58 PM: INFO: ***************** Verifying Login test *****************
06/27/2021 12:58:05 PM: INFO: ***************** Login test is passed *****************
06/27/2021 12:58:07 PM: INFO: ************* Test_SearchProductByProductName_007 **********
06/27/2021 12:58:12 PM: INFO: ************* Login successful **********
06/27/2021 12:58:12 PM: INFO: ******* Open the Products screen **********
06/27/2021 12:58:14 PM: INFO: ******* Starting Search Product By Product Name **********
06/27/2021 12:58:19 PM: INFO: ******* Starting Edit Product **********
06/27/2021 01:11:07 PM: INFO: ************* Test_006_Addproduct **********
06/27/2021 01:11:15 PM: INFO: ************* Login succesful **********
06/27/2021 01:11:15 PM: INFO: ******* Starting Add Product Test **********
06/27/2021 01:11:18 PM: INFO: ************* Providing product info **********
06/27/2021 01:11:20 PM: INFO: ********* Add product Test Passed *********
06/27/2021 01:11:25 PM: INFO: ******* Ending Add product test **********
06/27/2021 01:11:26 PM: INFO: ***************** Verifying Login test *****************
06/27/2021 01:11:31 PM: INFO: ***************** Login test is passed *****************
06/27/2021 01:11:37 PM: INFO: ************* Test_SearchProductByProductName_007 **********
06/27/2021 01:11:45 PM: INFO: ************* Login successful **********
06/27/2021 01:11:45 PM: INFO: ******* Open the Products screen **********
06/27/2021 01:11:46 PM: INFO: ******* Starting Search Product By Product Name **********
06/27/2021 01:11:52 PM: INFO: ******* Starting Edit Product **********
06/27/2021 01:16:22 PM: INFO: ************* Test_006_Addproduct **********
06/27/2021 01:16:29 PM: INFO: ************* Login succesful **********
06/27/2021 01:16:29 PM: INFO: ******* Starting Add Product Test **********
06/27/2021 01:16:31 PM: INFO: ***************** Verifying Login test *****************
06/27/2021 01:16:38 PM: INFO: ***************** Login test is passed *****************
06/27/2021 01:16:40 PM: INFO: ************* Test_SearchProductByProductName_007 **********
06/27/2021 01:16:45 PM: INFO: ************* Login successful **********
06/27/2021 01:16:45 PM: INFO: ******* Open the Products screen **********
06/27/2021 01:16:47 PM: INFO: ******* Starting Search Product By Product Name **********
06/27/2021 01:16:52 PM: INFO: ******* Starting Edit Product **********
06/27/2021 01:20:19 PM: INFO: ************* Test_006_Addproduct **********
06/27/2021 01:20:26 PM: INFO: ************* Login succesful **********
06/27/2021 01:20:26 PM: INFO: ******* Starting Add Product Test **********
06/27/2021 01:20:29 PM: INFO: ************* Providing product info **********
06/27/2021 01:20:31 PM: INFO: ********* Add product Test Passed *********
06/27/2021 01:20:31 PM: INFO: ******* Ending Add product test **********
06/27/2021 01:20:33 PM: INFO: ***************** Verifying Login test *****************
06/27/2021 01:20:40 PM: INFO: ***************** Login test is passed *****************
06/27/2021 01:20:42 PM: INFO: ************* Test_SearchProductByProductName_007 **********
06/27/2021 01:20:47 PM: INFO: ************* Login successful **********
06/27/2021 01:20:47 PM: INFO: ******* Open the Products screen **********
06/27/2021 01:20:48 PM: INFO: ******* Starting Search Product By Product Name **********
06/27/2021 01:20:53 PM: INFO: ******* Starting Edit Product **********
06/27/2021 01:23:19 PM: INFO: ************* Test_006_Addproduct **********
06/27/2021 01:23:27 PM: INFO: ************* Login succesful **********
06/27/2021 01:23:27 PM: INFO: ******* Starting Add Product Test **********
06/27/2021 01:23:31 PM: INFO: ************* Providing product info **********
06/27/2021 01:23:33 PM: INFO: ********* Add product Test Passed *********
06/27/2021 01:23:38 PM: INFO: ******* Ending Add product test **********
06/27/2021 01:23:40 PM: INFO: ***************** Verifying Login test *****************
06/27/2021 01:23:47 PM: INFO: ***************** Login test is passed *****************
06/27/2021 01:23:48 PM: INFO: ************* Test_SearchProductByProductName_007 **********
06/27/2021 01:23:55 PM: INFO: ************* Login successful **********
06/27/2021 01:23:55 PM: INFO: ******* Open the Products screen **********
06/27/2021 01:23:57 PM: INFO: ******* Starting Search Product By Product Name **********
06/27/2021 01:24:02 PM: INFO: ******* Starting Edit Product **********
06/27/2021 01:24:34 PM: INFO: ***************  TC_SearchProductByProductName_007 Finished  *********** 
